building the system configuration...
these 6 derivations will be built:
  /nix/store/km9p3livgcva2hb4y6vrchm76gl95chh-set-environment.drv
  /nix/store/sypwvk26zrigb3g56npczi88aws6mlil-etc-pam-environment.drv
  /nix/store/zq0rv01pdkmh6jxppklqiy0501khjg12-etc-profile.drv
  /nix/store/yiy8b7j3fpb8v00xlb0jk0q18hd8blq4-etc.drv
  /nix/store/hxv0xli3pzykjlxrgdhrfvsrlfkig5gs-activate.drv
  /nix/store/ymlqn0wm7b06jdhbxl4pqpsizlna07h0-nixos-system-rits-26.05.889.b51242d7d436.drv
building '/nix/store/sypwvk26zrigb3g56npczi88aws6mlil-etc-pam-environment.drv'...
building '/nix/store/km9p3livgcva2hb4y6vrchm76gl95chh-set-environment.drv'...
building '/nix/store/zq0rv01pdkmh6jxppklqiy0501khjg12-etc-profile.drv'...
building '/nix/store/yiy8b7j3fpb8v00xlb0jk0q18hd8blq4-etc.drv'...
building '/nix/store/hxv0xli3pzykjlxrgdhrfvsrlfkig5gs-activate.drv'...
building '/nix/store/ymlqn0wm7b06jdhbxl4pqpsizlna07h0-nixos-system-rits-26.05.889.b51242d7d436.drv'...
structuredAttrs is enabled
Checking switch inhibitors... done
activating the configuration...
setting up /etc...
reloading user units for si...
restarting sysinit-reactivation.target
the following new units were started: NetworkManager-dispatcher.service
Done. The new configuration is /nix/store/h5ny9nhs0g5xpsdvxy1kc0i3g6ff6p54-nixos-system-rits-26.05.889.b51242d7d436
